D:\TOMOSOFT\WRITE SOME SOFTWARE\BUDGIEAPPQT\BUDGIEAPPQT.EXE
D:\TOMOSOFT\WRITE SOME SOFTWARE\BUDGIEAPPQT\BUDGIEAPPQT\GENERATEDFILES\QRC_BUDGIEAPPQT.CPP
D:\TOMOSOFT\WRITE SOME SOFTWARE\BUDGIEAPPQT\BUDGIEAPPQT\GENERATEDFILES\RELEASE\MOC_BUDGIEAPPQT.CPP
D:\TOMOSOFT\WRITE SOME SOFTWARE\BUDGIEAPPQT\BUDGIEAPPQT\GENERATEDFILES\UI_BUDGIEAPPQT.H
D:\TOMOSOFT\WRITE SOME SOFTWARE\BUDGIEAPPQT\BUDGIEAPPQT\RELEASE\BUDGIEAPPQT.EXE.INTERMEDIATE.MANIFEST
D:\TOMOSOFT\WRITE SOME SOFTWARE\BUDGIEAPPQT\BUDGIEAPPQT\RELEASE\BUDGIEAPPQT.OBJ
D:\TomoSoft\Write Some Software\BudgieAppQT\BudgieAPPQT\Release\BudgieAPPQT.write.1.tlog
D:\TomoSoft\Write Some Software\BudgieAppQT\BudgieAPPQT\Release\cl.command.1.tlog
D:\TomoSoft\Write Some Software\BudgieAppQT\BudgieAPPQT\Release\CL.read.1.tlog
D:\TomoSoft\Write Some Software\BudgieAppQT\BudgieAPPQT\Release\CL.write.1.tlog
D:\TomoSoft\Write Some Software\BudgieAppQT\BudgieAPPQT\Release\custombuild.command.1.tlog
D:\TomoSoft\Write Some Software\BudgieAppQT\BudgieAPPQT\Release\custombuild.read.1.tlog
D:\TomoSoft\Write Some Software\BudgieAppQT\BudgieAPPQT\Release\custombuild.write.1.tlog
D:\TOMOSOFT\WRITE SOME SOFTWARE\BUDGIEAPPQT\BUDGIEAPPQT\RELEASE\DATACONTAINER.OBJ
D:\TOMOSOFT\WRITE SOME SOFTWARE\BUDGIEAPPQT\BUDGIEAPPQT\RELEASE\FILEIOHANDLER.OBJ
D:\TOMOSOFT\WRITE SOME SOFTWARE\BUDGIEAPPQT\BUDGIEAPPQT\RELEASE\IOHANDLER.OBJ
D:\TOMOSOFT\WRITE SOME SOFTWARE\BUDGIEAPPQT\BUDGIEAPPQT\RELEASE\IOHANDLERFACTORY.OBJ
D:\TomoSoft\Write Some Software\BudgieAppQT\BudgieAPPQT\Release\link.command.1.tlog
D:\TomoSoft\Write Some Software\BudgieAppQT\BudgieAPPQT\Release\link.read.1.tlog
D:\TomoSoft\Write Some Software\BudgieAppQT\BudgieAPPQT\Release\link.write.1.tlog
D:\TOMOSOFT\WRITE SOME SOFTWARE\BUDGIEAPPQT\BUDGIEAPPQT\RELEASE\MAIN.OBJ
D:\TOMOSOFT\WRITE SOME SOFTWARE\BUDGIEAPPQT\BUDGIEAPPQT\RELEASE\MOC_BUDGIEAPPQT.OBJ
D:\TomoSoft\Write Some Software\BudgieAppQT\BudgieAPPQT\Release\mt.command.1.tlog
D:\TomoSoft\Write Some Software\BudgieAppQT\BudgieAPPQT\Release\mt.read.1.tlog
D:\TomoSoft\Write Some Software\BudgieAppQT\BudgieAPPQT\Release\mt.write.1.tlog
D:\TOMOSOFT\WRITE SOME SOFTWARE\BUDGIEAPPQT\BUDGIEAPPQT\RELEASE\QRC_BUDGIEAPPQT.OBJ
D:\TOMOSOFT\WRITE SOME SOFTWARE\BUDGIEAPPQT\BUDGIEAPPQT\RELEASE\USERDATA.OBJ
D:\TOMOSOFT\WRITE SOME SOFTWARE\BUDGIEAPPQT\BUDGIEAPPQT\RELEASE\XMLPARSER.OBJ
