D:\TOMOSOFT\WRITE SOME SOFTWARE\BUDGIEAPPQT\BUDGIEAPPQT.EXE
D:\TOMOSOFT\WRITE SOME SOFTWARE\BUDGIEAPPQT\BUDGIEAPPQT.ILK
D:\TOMOSOFT\WRITE SOME SOFTWARE\BUDGIEAPPQT\BUDGIEAPPQT.PDB
D:\TOMOSOFT\WRITE SOME SOFTWARE\BUDGIEAPPQT\BUDGIEAPPQT\DEBUG\BUDGIEAPPQT.EXE.INTERMEDIATE.MANIFEST
D:\TOMOSOFT\WRITE SOME SOFTWARE\BUDGIEAPPQT\BUDGIEAPPQT\DEBUG\BUDGIEAPPQT.OBJ
D:\TomoSoft\Write Some Software\BudgieAppQT\BudgieAppQT\Debug\BudgieAppQT.write.1.tlog
D:\TomoSoft\Write Some Software\BudgieAppQT\BudgieAppQT\Debug\cl.command.1.tlog
D:\TomoSoft\Write Some Software\BudgieAppQT\BudgieAppQT\Debug\CL.read.1.tlog
D:\TomoSoft\Write Some Software\BudgieAppQT\BudgieAppQT\Debug\CL.write.1.tlog
D:\TomoSoft\Write Some Software\BudgieAppQT\BudgieAppQT\Debug\custombuild.command.1.tlog
D:\TomoSoft\Write Some Software\BudgieAppQT\BudgieAppQT\Debug\custombuild.read.1.tlog
D:\TomoSoft\Write Some Software\BudgieAppQT\BudgieAppQT\Debug\custombuild.write.1.tlog
D:\TomoSoft\Write Some Software\BudgieAppQT\BudgieAppQT\Debug\link.command.1.tlog
D:\TomoSoft\Write Some Software\BudgieAppQT\BudgieAppQT\Debug\link.read.1.tlog
D:\TomoSoft\Write Some Software\BudgieAppQT\BudgieAppQT\Debug\link.write.1.tlog
D:\TOMOSOFT\WRITE SOME SOFTWARE\BUDGIEAPPQT\BUDGIEAPPQT\DEBUG\MAIN.OBJ
D:\TOMOSOFT\WRITE SOME SOFTWARE\BUDGIEAPPQT\BUDGIEAPPQT\DEBUG\MOC_BUDGIEAPPQT.OBJ
D:\TomoSoft\Write Some Software\BudgieAppQT\BudgieAppQT\Debug\mt.command.1.tlog
D:\TomoSoft\Write Some Software\BudgieAppQT\BudgieAppQT\Debug\mt.read.1.tlog
D:\TomoSoft\Write Some Software\BudgieAppQT\BudgieAppQT\Debug\mt.write.1.tlog
D:\TOMOSOFT\WRITE SOME SOFTWARE\BUDGIEAPPQT\BUDGIEAPPQT\DEBUG\QRC_BUDGIEAPPQT.OBJ
D:\TOMOSOFT\WRITE SOME SOFTWARE\BUDGIEAPPQT\BUDGIEAPPQT\DEBUG\VC100.PDB
D:\TOMOSOFT\WRITE SOME SOFTWARE\BUDGIEAPPQT\BUDGIEAPPQT\GENERATEDFILES\DEBUG\MOC_BUDGIEAPPQT.CPP
D:\TOMOSOFT\WRITE SOME SOFTWARE\BUDGIEAPPQT\BUDGIEAPPQT\GENERATEDFILES\QRC_BUDGIEAPPQT.CPP
D:\TOMOSOFT\WRITE SOME SOFTWARE\BUDGIEAPPQT\BUDGIEAPPQT\GENERATEDFILES\UI_BUDGIEAPPQT.H
