D:\TOMOSOFT\WRITE SOME SOFTWARE\BUDGIEAPPQT\BUDGIEAPPQT.EXE
D:\TOMOSOFT\WRITE SOME SOFTWARE\BUDGIEAPPQT\BUDGIEAPPQT.ILK
D:\TOMOSOFT\WRITE SOME SOFTWARE\BUDGIEAPPQT\BUDGIEAPPQT.PDB
D:\TOMOSOFT\WRITE SOME SOFTWARE\BUDGIEAPPQT\BUDGIEAPPQT\DEBUG\BUDGIEAPPQT.EXE.INTERMEDIATE.MANIFEST
D:\TOMOSOFT\WRITE SOME SOFTWARE\BUDGIEAPPQT\BUDGIEAPPQT\DEBUG\BUDGIEAPPQT.OBJ
D:\TomoSoft\Write Some Software\BudgieAppQT\BudgieAPPQT\Debug\BudgieAPPQT.vcxprojResolveAssemblyReference.cache
D:\TomoSoft\Write Some Software\BudgieAppQT\BudgieAPPQT\Debug\BudgieAPPQT.write.1.tlog
D:\TomoSoft\Write Some Software\BudgieAppQT\BudgieAPPQT\Debug\cl.command.1.tlog
D:\TomoSoft\Write Some Software\BudgieAppQT\BudgieAPPQT\Debug\CL.read.1.tlog
D:\TomoSoft\Write Some Software\BudgieAppQT\BudgieAPPQT\Debug\CL.write.1.tlog
D:\TomoSoft\Write Some Software\BudgieAppQT\BudgieAPPQT\Debug\custombuild.command.1.tlog
D:\TomoSoft\Write Some Software\BudgieAppQT\BudgieAPPQT\Debug\custombuild.read.1.tlog
D:\TomoSoft\Write Some Software\BudgieAppQT\BudgieAPPQT\Debug\custombuild.write.1.tlog
D:\TOMOSOFT\WRITE SOME SOFTWARE\BUDGIEAPPQT\BUDGIEAPPQT\DEBUG\DATACONTAINER.OBJ
D:\TOMOSOFT\WRITE SOME SOFTWARE\BUDGIEAPPQT\BUDGIEAPPQT\DEBUG\FILEIOHANDLER.OBJ
D:\TOMOSOFT\WRITE SOME SOFTWARE\BUDGIEAPPQT\BUDGIEAPPQT\DEBUG\IOHANDLER.OBJ
D:\TOMOSOFT\WRITE SOME SOFTWARE\BUDGIEAPPQT\BUDGIEAPPQT\DEBUG\IOHANDLERFACTORY.OBJ
D:\TomoSoft\Write Some Software\BudgieAppQT\BudgieAPPQT\Debug\link.command.1.tlog
D:\TomoSoft\Write Some Software\BudgieAppQT\BudgieAPPQT\Debug\link.read.1.tlog
D:\TomoSoft\Write Some Software\BudgieAppQT\BudgieAPPQT\Debug\link.write.1.tlog
D:\TOMOSOFT\WRITE SOME SOFTWARE\BUDGIEAPPQT\BUDGIEAPPQT\DEBUG\MAIN.OBJ
D:\TOMOSOFT\WRITE SOME SOFTWARE\BUDGIEAPPQT\BUDGIEAPPQT\DEBUG\MOC_BUDGIEAPPQT.OBJ
D:\TomoSoft\Write Some Software\BudgieAppQT\BudgieAPPQT\Debug\mt.command.1.tlog
D:\TomoSoft\Write Some Software\BudgieAppQT\BudgieAPPQT\Debug\mt.read.1.tlog
D:\TomoSoft\Write Some Software\BudgieAppQT\BudgieAPPQT\Debug\mt.write.1.tlog
D:\TOMOSOFT\WRITE SOME SOFTWARE\BUDGIEAPPQT\BUDGIEAPPQT\DEBUG\QRC_BUDGIEAPPQT.OBJ
D:\TOMOSOFT\WRITE SOME SOFTWARE\BUDGIEAPPQT\BUDGIEAPPQT\DEBUG\USERDATA.OBJ
D:\TOMOSOFT\WRITE SOME SOFTWARE\BUDGIEAPPQT\BUDGIEAPPQT\DEBUG\VC100.PDB
D:\TOMOSOFT\WRITE SOME SOFTWARE\BUDGIEAPPQT\BUDGIEAPPQT\DEBUG\XMLPARSER.OBJ
D:\TOMOSOFT\WRITE SOME SOFTWARE\BUDGIEAPPQT\BUDGIEAPPQT\GENERATEDFILES\DEBUG\MOC_BUDGIEAPPQT.CPP
D:\TOMOSOFT\WRITE SOME SOFTWARE\BUDGIEAPPQT\BUDGIEAPPQT\GENERATEDFILES\QRC_BUDGIEAPPQT.CPP
D:\TOMOSOFT\WRITE SOME SOFTWARE\BUDGIEAPPQT\BUDGIEAPPQT\GENERATEDFILES\UI_BUDGIEAPPQT.H
